Arguments: 
  /usr/local/bin/node /usr/local/lib/node_modules/yarn/bin/yarn.js install

PATH: 
  /usr/local/opt/qt/bin:/usr/local/bin:/usr/bin:/bin:/usr/sbin:/sbin:/usr/local/go/bin:/usr/local/share/dotnet:/opt/X11/bin:/Library/Frameworks/Mono.framework/Versions/Current/Commands

Yarn version: 
  1.16.0

Node version: 
  10.15.3

Platform: 
  darwin x64

Trace: 
  Error: EACCES: permission denied, rmdir '/Users/admin/WebstormProjects/dotyk/node_modules/@types/events'

npm manifest: 
  {
    "name": "dotyk",
    "version": "1.0.0",
    "main": "index.js",
    "repository": "https://github.com/YuraYelisieiev/Dotyk",
    "author": "Yurii Yelisieiev <w1ckaero@gmail.com>",
    "license": "MIT"
  }

yarn manifest: 
  No manifest

Lockfile: 
  No lockfile
